<?xml version="1.0" encoding="UTF-8"?>
<testsuite xmlns:xsi="http://www.w3.org/2001/XMLSchema-instance" xsi:noNamespaceSchemaLocation="https://maven.apache.org/surefire/maven-surefire-plugin/xsd/surefire-test-report-3.0.xsd" version="3.0" name="com.example.payments.web.PaymentControllerTest" time="0.986" tests="6" errors="0" skipped="0" failures="0">
  <properties>
[...]
</properties>
  <testcase name="getPaymentTypes_returns_all_types" classname="com.example.payments.web.PaymentControllerTest" time="0.06">
    <system-out><![CDATA[2025-09-28T00:47:15.833+05:30  INFO 5544 --- [payments] [           main] t.c.s.AnnotationConfigContextLoaderUtils : Could not detect default configuration classes for test class [com.example.payments.web.PaymentControllerTest]: PaymentControllerTest does not declare any static, non-private, non-final, nested classes annotated with @Configuration.
2025-09-28T00:47:15.870+05:30  INFO 5544 --- [payments] [           main] .b.t.c.SpringBootTestContextBootstrapper : Found @SpringBootConfiguration com.example.payments.PaymentsApplication for test class com.example.payments.web.PaymentControllerTest

  .   ____          _            __ _ _
 /\\ / ___'_ __ _ _(_)_ __  __ _ \ \ \ \
( ( )\___ | '_ | '_| | '_ \/ _` | \ \ \ \
 \\/  ___)| |_)| | | | | || (_| |  ) ) ) )
  '  |____| .__|_| |_|_| |_\__, | / / / /
 =========|_|==============|___/=/_/_/_/

 :: Spring Boot ::                (v3.3.3)

2025-09-28T00:47:15.917+05:30  INFO 5544 --- [payments] [           main] c.e.payments.web.PaymentControllerTest   : Starting PaymentControllerTest using Java 21.0.5 with PID 5544 (started by 91990 in D:\Spring-boot-example\spring-boot-strategy-composition-sealed1)
2025-09-28T00:47:15.918+05:30  INFO 5544 --- [payments] [           main] c.e.payments.web.PaymentControllerTest   : No active profile set, falling back to 1 default profile: "default"
2025-09-28T00:47:16.517+05:30  INFO 5544 --- [payments] [           main] o.s.b.t.m.w.SpringBootMockServletContext : Initializing Spring TestDispatcherServlet ''
2025-09-28T00:47:16.517+05:30  INFO 5544 --- [payments] [           main] o.s.t.web.servlet.TestDispatcherServlet  : Initializing Servlet ''
2025-09-28T00:47:16.517+05:30  INFO 5544 --- [payments] [           main] o.s.t.web.servlet.TestDispatcherServlet  : Completed initialization in 0 ms
2025-09-28T00:47:16.539+05:30  INFO 5544 --- [payments] [           main] c.e.payments.web.PaymentControllerTest   : Started PaymentControllerTest in 0.657 seconds (process running for 5.918)
]]></system-out>
  </testcase>
  <testcase name="postPayment_invalidEnum_returnsBadRequest" classname="com.example.payments.web.PaymentControllerTest" time="0.016"/>
  <testcase name="postPayment_validationMessage_includesFieldName" classname="com.example.payments.web.PaymentControllerTest" time="0.053"/>
  <testcase name="postPayment_invalidPayload_returnsBadRequest" classname="com.example.payments.web.PaymentControllerTest" time="0.007"/>
  <testcase name="postPayment_delegates_to_orchestrator_and_returns_response" classname="com.example.payments.web.PaymentControllerTest" time="0.062"/>
  <testcase name="getIndividualType_endpoints" classname="com.example.payments.web.PaymentControllerTest" time="0.007"/>
</testsuite>